 Time: Tue Dec 26 2017 19:13:29 GMT+0530 (India Standard Time) 
 METHOD: GET
 URL: /

 Time: Tue Dec 26 2017 19:13:33 GMT+0530 (India Standard Time) 
 METHOD: GET
 URL: /about

 Time: Tue Dec 26 2017 19:25:30 GMT+0530 (India Standard Time) 
 METHOD: GET
 URL: /

 Time: Tue Dec 26 2017 19:32:12 GMT+0530 (India Standard Time) 
 METHOD: GET
 URL: /

 Time: Tue Dec 26 2017 19:37:13 GMT+0530 (India Standard Time) 
 METHOD: GET
 URL: /

 Time: Tue Dec 26 2017 19:37:22 GMT+0530 (India Standard Time) 
 METHOD: GET
 URL: /about

 Time: Tue Dec 26 2017 19:38:02 GMT+0530 (India Standard Time) 
 METHOD: GET
 URL: /about

 Time: Tue Dec 26 2017 19:38:10 GMT+0530 (India Standard Time) 
 METHOD: GET
 URL: /about

 Time: Tue Dec 26 2017 19:39:16 GMT+0530 (India Standard Time) 
 METHOD: GET
 URL: /about

 Time: Tue Dec 26 2017 19:39:17 GMT+0530 (India Standard Time) 
 METHOD: GET
 URL: /about

 Time: Tue Dec 26 2017 19:49:13 GMT+0530 (India Standard Time) 
 METHOD: GET
 URL: /about

 Time: Tue Dec 26 2017 19:49:17 GMT+0530 (India Standard Time) 
 METHOD: GET
 URL: /help.html

